<?xml version="1.0" encoding="UTF-8"?>
<!-- Generated by org.testng.reporters.JUnitXMLReporter -->
<testsuite ignored="0" hostname="SuperMan" failures="0" tests="1" name="chrometest" time="4.309" errors="0" timestamp="2025-06-12T20:33:27 IST">
  <testcase classname="automationCore.Base" name="@BeforeMethod initializeBrowser" time="4.192">
    <failure type="java.lang.Exception" message="Invalid Browser">
      <![CDATA[java.lang.Exception: Invalid Browser
at automationCore.Base.initializeBrowser(Base.java:46)
at java.base/java.util.ArrayList.forEach(ArrayList.java:1596)
... Removed 29 stack frames]]>
    </failure>
  </testcase> <!-- @BeforeMethod initializeBrowser -->
  <testcase classname="automationCore.Base" name="@AfterMethod driverQuit" time="0.0">
    <skipped/>
  </testcase> <!-- @AfterMethod driverQuit -->
  <testcase classname="testScript.HomeTest" name="verifyThatUserIsAbleToLogoutFromTheApplication" time="0.0">
    <skipped/>
  </testcase> <!-- verifyThatUserIsAbleToLogoutFromTheApplication -->
</testsuite> <!-- chrometest -->
