<?xml version="1.0" encoding="UTF-8"?>
<!-- Generated by org.testng.reporters.JUnitXMLReporter -->
<testsuite ignored="0" hostname="SuperMan" failures="0" tests="2" name="Test" time="14.042" errors="0" timestamp="2025-06-18T21:08:40 IST">
  <testcase classname="testScript.AdminUsersTest" name="verifyThatTheUserIsAbleToAddNewAdminUSer" time="5.915"/>
  <testcase classname="testScript.AdminUsersTest" name="verifyThatTheUserIsAbleToSearchAndFindTheNewlyAddedUser" time="2.505"/>
</testsuite> <!-- Test -->
