<?xml version="1.0" encoding="UTF-8"?>
<!-- Generated by org.testng.reporters.JUnitXMLReporter -->
<testsuite ignored="0" hostname="SuperMan" failures="0" tests="2" name="Test" time="16.973" errors="0" timestamp="2025-06-18T23:50:17 IST">
  <testcase classname="testScript.ManageNewsTest" name="verifyThatUserIsAbleToAddNewNewsInTheApplication" time="5.032"/>
  <testcase classname="testScript.ManageNewsTest" name="verifyThatUserIsAbleToSearchAndFindTheAddedNews" time="2.953"/>
</testsuite> <!-- Test -->
