<?xml version="1.0" encoding="UTF-8"?>
<!-- Generated by org.testng.reporters.JUnitXMLReporter -->
<testsuite ignored="0" hostname="SuperMan" failures="0" tests="2" name="Test1" time="17.229" errors="0" timestamp="2025-06-17T20:09:08 IST">
  <testcase classname="testScript.ManageNewsTest" name="verifyThatUserIsAbleToAddNewNewsInTheApplication" time="5.036"/>
  <testcase classname="testScript.ManageNewsTest" name="verifyThatUserIsAbleToSearchAndFindTheAddedNews" time="3.476"/>
</testsuite> <!-- Test1 -->
