<?xml version="1.0" encoding="UTF-8"?>
<testng-results ignored="0" total="2" passed="2" failed="0" skipped="0">
  <reporter-output>
  </reporter-output>
  <suite started-at="2025-06-18T21:08:26 IST" name="Suite" finished-at="2025-06-18T21:08:40 IST" duration-ms="14042">
    <groups>
    </groups>
    <test started-at="2025-06-18T21:08:26 IST" name="Test" finished-at="2025-06-18T21:08:40 IST" duration-ms="14042">
      <class name="testScript.AdminUsersTest">
        <test-method is-config="true" signature="initializeBrowser(java.lang.String)[pri:0, instance:testScript.AdminUsersTest@1f9e9475]" started-at="2025-06-18T21:08:26 IST" name="initializeBrowser" finished-at="2025-06-18T21:08:29 IST" duration-ms="3379" status="PASS">
          <params>
            <param index="0">
              <value>
                <![CDATA[Chrome]]>
              </value>
            </param>
          </params>
          <reporter-output>
          </reporter-output>
        </test-method> <!-- initializeBrowser -->
        <test-method signature="verifyThatTheUserIsAbleToAddNewAdminUSer()[pri:0, instance:testScript.AdminUsersTest@1f9e9475]" started-at="2025-06-18T21:08:29 IST" name="verifyThatTheUserIsAbleToAddNewAdminUSer" description="adding new user to the users list" finished-at="2025-06-18T21:08:35 IST" duration-ms="5915" status="PASS">
          <reporter-output>
          </reporter-output>
        </test-method> <!-- verifyThatTheUserIsAbleToAddNewAdminUSer -->
        <test-method is-config="true" signature="driverQuit(org.testng.ITestResult)[pri:0, instance:testScript.AdminUsersTest@1f9e9475]" started-at="2025-06-18T21:08:35 IST" name="driverQuit" finished-at="2025-06-18T21:08:35 IST" duration-ms="1" status="PASS">
          <params>
            <param index="0">
              <value>
                <![CDATA[[TestResult name=verifyThatTheUserIsAbleToAddNewAdminUSer status=SUCCESS method=AdminUsersTest.verifyThatTheUserIsAbleToAddNewAdminUSer()[pri:0, instance:testScript.AdminUsersTest@1f9e9475] output={null}]]]>
              </value>
            </param>
          </params>
          <reporter-output>
          </reporter-output>
        </test-method> <!-- driverQuit -->
        <test-method is-config="true" signature="initializeBrowser(java.lang.String)[pri:0, instance:testScript.AdminUsersTest@1f9e9475]" started-at="2025-06-18T21:08:35 IST" name="initializeBrowser" finished-at="2025-06-18T21:08:37 IST" duration-ms="2182" status="PASS">
          <params>
            <param index="0">
              <value>
                <![CDATA[Chrome]]>
              </value>
            </param>
          </params>
          <reporter-output>
          </reporter-output>
        </test-method> <!-- initializeBrowser -->
        <test-method signature="verifyThatTheUserIsAbleToSearchAndFindTheNewlyAddedUser()[pri:0, instance:testScript.AdminUsersTest@1f9e9475]" started-at="2025-06-18T21:08:37 IST" name="verifyThatTheUserIsAbleToSearchAndFindTheNewlyAddedUser" description="searching the newly added admin user from the users list" finished-at="2025-06-18T21:08:40 IST" duration-ms="2505" status="PASS">
          <reporter-output>
          </reporter-output>
        </test-method> <!-- verifyThatTheUserIsAbleToSearchAndFindTheNewlyAddedUser -->
        <test-method is-config="true" signature="driverQuit(org.testng.ITestResult)[pri:0, instance:testScript.AdminUsersTest@1f9e9475]" started-at="2025-06-18T21:08:40 IST" name="driverQuit" finished-at="2025-06-18T21:08:40 IST" duration-ms="0" status="PASS">
          <params>
            <param index="0">
              <value>
                <![CDATA[[TestResult name=verifyThatTheUserIsAbleToSearchAndFindTheNewlyAddedUser status=SUCCESS method=AdminUsersTest.verifyThatTheUserIsAbleToSearchAndFindTheNewlyAddedUser()[pri:0, instance:testScript.AdminUsersTest@1f9e9475] output={null}]]]>
              </value>
            </param>
          </params>
          <reporter-output>
          </reporter-output>
        </test-method> <!-- driverQuit -->
      </class> <!-- testScript.AdminUsersTest -->
    </test> <!-- Test -->
  </suite> <!-- Suite -->
</testng-results>
