<?xml version="1.0" encoding="UTF-8"?>
<testng-results ignored="0" total="2" passed="2" failed="0" skipped="0">
  <reporter-output>
  </reporter-output>
  <suite started-at="2025-06-18T23:50:00 IST" name="Suite" finished-at="2025-06-18T23:50:17 IST" duration-ms="16973">
    <groups>
    </groups>
    <test started-at="2025-06-18T23:50:00 IST" name="Test" finished-at="2025-06-18T23:50:17 IST" duration-ms="16973">
      <class name="testScript.ManageNewsTest">
        <test-method is-config="true" signature="initializeBrowser(java.lang.String)[pri:0, instance:testScript.ManageNewsTest@1f9e9475]" started-at="2025-06-18T23:50:00 IST" name="initializeBrowser" finished-at="2025-06-18T23:50:06 IST" duration-ms="6285" status="PASS">
          <params>
            <param index="0">
              <value>
                <![CDATA[Chrome]]>
              </value>
            </param>
          </params>
          <reporter-output>
          </reporter-output>
        </test-method> <!-- initializeBrowser -->
        <test-method signature="verifyThatUserIsAbleToAddNewNewsInTheApplication()[pri:0, instance:testScript.ManageNewsTest@1f9e9475]" started-at="2025-06-18T23:50:06 IST" name="verifyThatUserIsAbleToAddNewNewsInTheApplication" description="Adding new news to the news list" finished-at="2025-06-18T23:50:11 IST" duration-ms="5032" status="PASS">
          <reporter-output>
          </reporter-output>
        </test-method> <!-- verifyThatUserIsAbleToAddNewNewsInTheApplication -->
        <test-method is-config="true" signature="driverQuit(org.testng.ITestResult)[pri:0, instance:testScript.ManageNewsTest@1f9e9475]" started-at="2025-06-18T23:50:11 IST" name="driverQuit" finished-at="2025-06-18T23:50:11 IST" duration-ms="1" status="PASS">
          <params>
            <param index="0">
              <value>
                <![CDATA[[TestResult name=verifyThatUserIsAbleToAddNewNewsInTheApplication status=SUCCESS method=ManageNewsTest.verifyThatUserIsAbleToAddNewNewsInTheApplication()[pri:0, instance:testScript.ManageNewsTest@1f9e9475] output={null}]]]>
              </value>
            </param>
          </params>
          <reporter-output>
          </reporter-output>
        </test-method> <!-- driverQuit -->
        <test-method is-config="true" signature="initializeBrowser(java.lang.String)[pri:0, instance:testScript.ManageNewsTest@1f9e9475]" started-at="2025-06-18T23:50:11 IST" name="initializeBrowser" finished-at="2025-06-18T23:50:14 IST" duration-ms="2636" status="PASS">
          <params>
            <param index="0">
              <value>
                <![CDATA[Chrome]]>
              </value>
            </param>
          </params>
          <reporter-output>
          </reporter-output>
        </test-method> <!-- initializeBrowser -->
        <test-method signature="verifyThatUserIsAbleToSearchAndFindTheAddedNews()[pri:0, instance:testScript.ManageNewsTest@1f9e9475]" started-at="2025-06-18T23:50:14 IST" name="verifyThatUserIsAbleToSearchAndFindTheAddedNews" description="Searching newly added news from the news list" finished-at="2025-06-18T23:50:17 IST" duration-ms="2953" status="PASS">
          <reporter-output>
          </reporter-output>
        </test-method> <!-- verifyThatUserIsAbleToSearchAndFindTheAddedNews -->
        <test-method is-config="true" signature="driverQuit(org.testng.ITestResult)[pri:0, instance:testScript.ManageNewsTest@1f9e9475]" started-at="2025-06-18T23:50:17 IST" name="driverQuit" finished-at="2025-06-18T23:50:17 IST" duration-ms="1" status="PASS">
          <params>
            <param index="0">
              <value>
                <![CDATA[[TestResult name=verifyThatUserIsAbleToSearchAndFindTheAddedNews status=SUCCESS method=ManageNewsTest.verifyThatUserIsAbleToSearchAndFindTheAddedNews()[pri:0, instance:testScript.ManageNewsTest@1f9e9475] output={null}]]]>
              </value>
            </param>
          </params>
          <reporter-output>
          </reporter-output>
        </test-method> <!-- driverQuit -->
      </class> <!-- testScript.ManageNewsTest -->
    </test> <!-- Test -->
  </suite> <!-- Suite -->
</testng-results>
