<?xml version="1.0" encoding="UTF-8"?>
<!-- Generated by org.testng.reporters.JUnitXMLReporter -->
<testsuite ignored="2" hostname="SuperMan" failures="0" tests="2" name="Test" time="14.192" errors="0" timestamp="2025-06-13T20:18:22 IST">
  <testcase classname="testScript.LoginTest" name="verifyUserLoginWithValidCredentials" time="3.398"/>
  <testcase classname="testScript.LoginTest" name="verifyUserLoginWithInvalidUserNameAndValidPassword" time="1.052"/>
  <testcase classname="testScript.LoginTest" name="verifyUserLoginWithValidUserNameAndInvalidPassword" time="0.0">
    <ignored/>
  </testcase> <!-- verifyUserLoginWithValidUserNameAndInvalidPassword -->
  <testcase classname="testScript.LoginTest" name="verifyUserLoginWithInvalidCredentials" time="0.0">
    <ignored/>
  </testcase> <!-- verifyUserLoginWithInvalidCredentials -->
</testsuite> <!-- Test -->
